#!/usr/bin/env python2
# -*- coding: utf-8 -*-
"""
Created on Fri Oct  30 13:41:27 2017

@author: Chaitanya Sampat

-------------------------------------------------------------------------------------------------
This method copies the dummy test files from the copypath to the 

"""

import numpy as np
import sys
import random
import time 
import os
import glob
import shutil
import re

def dummy_PBM(last_timestep_index, copypath):
    d50_file_list = glob.glob(copypath + '/d50_*.csv')
    particles_file_list = glob.glob(copypath + '/particles_*.csv')
    # print(d50_file_list)
    # print(particles_file_list)
    num_start_d50 = re.search("d50_",d50_file_list[0]).end()
    num_start_particles = re.search("particles_",particles_file_list[0]).end()
    num_end_d50 = re.search("0.csv",d50_file_list[0]).start()
    num_end_particles = re.search("0.csv",particles_file_list[0]).start()
    if (num_end_d50 - num_start_d50 == 7):
        d50_file_list = sorted(d50_file_list, key=lambda x: float(x[num_start_d50:num_end_d50]))
    else:
        d50_file_list = sorted(d50_file_list, key=lambda x: float(x[num_start_d50:(num_end_d50 - 1)]))
    if (num_end_particles - num_start_particles == 7):
        particles_file_list = sorted(particles_file_list, key=lambda x: float(x[num_start_particles:num_end_particles]))
    else:
        particles_file_list = sorted(particles_file_list, key=lambda x: float(x[num_start_particles:(num_end_particles - 1)]))
    #print(d50_file_list)
    for x in range(last_timestep_index,len(d50_file_list)):
        rand_num =  random.randint(1, 15)
        print(x)
        d50_nextfile = d50_file_list[x]
        particles_nextfile = particles_file_list[x]
        print(d50_nextfile)
        print(particles_nextfile)
        if (os.path.isfile(d50_nextfile) and os.path.isfile(particles_nextfile)):
            shutil.copy2(d50_nextfile, os.getcwd() + '/csvDump')
            shutil.copy2(particles_nextfile, os.getcwd()+ '/csvDump')
            print("Waiting")
            time.sleep(rand_num)
        else:
            time.sleep(rand_num)
        print("Next file")
    return x

if __name__ == '__main__':
    # parser = argparse.ArgumentParser()
    # parser.add_argument('-in')
    # args = parser.parse_args()
    a = dummy_PBM(0, os.environ['COPY_PATH'])
    b = [sys.argv[1], sys.argv[2], sys.argv[3], sys.argv[4]]
    #a = dummy_PBM(sys.argv[1], np.float(sys.argv[2]), int(sys.argv[3]))
# a = dummy_PBM('/home/chai/Documents/git/CyberManufacturing/src/dummy_DEM_PBM/sample_copy',2,1)
